{"uid":"68dc269814b9b2db","name":"test_login","fullName":"test.test_hootel.TestHotel#test_login","historyId":"5d0a7a53e169e962d127f1d87eab0582","time":{"start":1679904892031,"stop":1679904897449,"duration":5418},"status":"broken","statusMessage":"selenium.common.exceptions.TimeoutException: Message: \nStacktrace:\n#0 0x5561f0cbc243 <unknown>\n#1 0x5561f0a807a6 <unknown>\n#2 0x5561f0abd64d <unknown>\n#3 0x5561f0abd761 <unknown>\n#4 0x5561f0af8da4 <unknown>\n#5 0x5561f0ade0ad <unknown>\n#6 0x5561f0af6932 <unknown>\n#7 0x5561f0adde53 <unknown>\n#8 0x5561f0ab09ea <unknown>\n#9 0x5561f0ab1b2e <unknown>\n#10 0x5561f0d10d5e <unknown>\n#11 0x5561f0d14a80 <unknown>\n#12 0x5561f0cf68b0 <unknown>\n#13 0x5561f0d15b63 <unknown>\n#14 0x5561f0ce7f75 <unknown>\n#15 0x5561f0d38998 <unknown>\n#16 0x5561f0d38b27 <unknown>\n#17 0x5561f0d53c23 <unknown>\n#18 0x7f71a28b4b43 <unknown>","statusTrace":"self = <test_hootel.TestHotel object at 0x7fa45ca2b7c0>\n\n    def test_login(self):\n        signin_btn = self.browser.find_element(By.CSS_SELECTOR, 'a[class=\"nav-link\"]')\n        signin_btn.click()\n        email_input = WebDriverWait(self.browser, 5).until(EC.presence_of_element_located((By.ID, 'email')))\n        password_input = self.browser.find_element(By.ID, 'password')\n        login_btn = self.browser.find_element(By.CSS_SELECTOR, 'button[name=\"submit\"]')\n        email_input.send_keys('andi.teszt2021@gmail.com')\n        password_input.send_keys('tesztelek2021')\n        login_btn.click()\n>       profile_id = WebDriverWait(self.browser, 5).until(EC.presence_of_element_located((By.ID, 'profile')))\n\ntest/test_hootel.py:39: \n_ _ _ _ _ _ _ _ _ _ _ _ _ _ _ _ _ _ _ _ _ _ _ _ _ _ _ _ _ _ _ _ _ _ _ _ _ _ _ _ \n\nself = <selenium.webdriver.support.wait.WebDriverWait (session=\"4e14c3c879d4eb72fa7b3398b5a32a64\")>\nmethod = <function presence_of_element_located.<locals>._predicate at 0x7fa45c7e9630>\nmessage = ''\n\n    def until(self, method, message: str = \"\"):\n        \"\"\"Calls the method provided with the driver as an argument until the \\\n        return value does not evaluate to ``False``.\n    \n        :param method: callable(WebDriver)\n        :param message: optional message for :exc:`TimeoutException`\n        :returns: the result of the last call to `method`\n        :raises: :exc:`selenium.common.exceptions.TimeoutException` if timeout occurs\n        \"\"\"\n        screen = None\n        stacktrace = None\n    \n        end_time = time.monotonic() + self._timeout\n        while True:\n            try:\n                value = method(self._driver)\n                if value:\n                    return value\n            except self._ignored_exceptions as exc:\n                screen = getattr(exc, \"screen\", None)\n                stacktrace = getattr(exc, \"stacktrace\", None)\n            time.sleep(self._poll)\n            if time.monotonic() > end_time:\n                break\n>       raise TimeoutException(message, screen, stacktrace)\nE       selenium.common.exceptions.TimeoutException: Message: \nE       Stacktrace:\nE       #0 0x5561f0cbc243 <unknown>\nE       #1 0x5561f0a807a6 <unknown>\nE       #2 0x5561f0abd64d <unknown>\nE       #3 0x5561f0abd761 <unknown>\nE       #4 0x5561f0af8da4 <unknown>\nE       #5 0x5561f0ade0ad <unknown>\nE       #6 0x5561f0af6932 <unknown>\nE       #7 0x5561f0adde53 <unknown>\nE       #8 0x5561f0ab09ea <unknown>\nE       #9 0x5561f0ab1b2e <unknown>\nE       #10 0x5561f0d10d5e <unknown>\nE       #11 0x5561f0d14a80 <unknown>\nE       #12 0x5561f0cf68b0 <unknown>\nE       #13 0x5561f0d15b63 <unknown>\nE       #14 0x5561f0ce7f75 <unknown>\nE       #15 0x5561f0d38998 <unknown>\nE       #16 0x5561f0d38b27 <unknown>\nE       #17 0x5561f0d53c23 <unknown>\nE       #18 0x7f71a28b4b43 <unknown>\n\n/opt/hostedtoolcache/Python/3.10.10/x64/lib/python3.10/site-packages/selenium/webdriver/support/wait.py:95: TimeoutException","flaky":false,"newFailed":false,"newBroken":false,"newPassed":false,"retriesCount":0,"retriesStatusChange":false,"beforeStages":[{"name":"_xunit_setup_method_fixture_TestHotel","time":{"start":1679904889296,"stop":1679904892030,"duration":2734},"status":"passed","steps":[],"attachments":[],"parameters":[],"stepsCount":0,"attachmentsCount":0,"shouldDisplayMessage":false,"hasContent":false}],"afterStages":[{"name":"_xunit_setup_method_fixture_TestHotel::0","time":{"start":1679904897488,"stop":1679904897545,"duration":57},"status":"passed","steps":[],"attachments":[],"parameters":[],"stepsCount":0,"attachmentsCount":0,"shouldDisplayMessage":false,"hasContent":false}],"labels":[{"name":"parentSuite","value":"test"},{"name":"suite","value":"test_hootel"},{"name":"subSuite","value":"TestHotel"},{"name":"host","value":"fv-az370-308"},{"name":"thread","value":"2326-MainThread"},{"name":"framework","value":"pytest"},{"name":"language","value":"cpython3"},{"name":"package","value":"test.test_hootel"},{"name":"resultFormat","value":"allure2"}],"parameters":[],"links":[],"hidden":false,"retry":false,"extra":{"severity":"normal","retries":[],"categories":[{"name":"Test defects","matchedStatuses":[],"flaky":false}],"tags":[]},"source":"68dc269814b9b2db.json","parameterValues":[]}